<?xml version="1.0" encoding="UTF-8"?>
<coverage generated="1700126864409" clover="4.4.1">
   <project name="humaneval-java 1.0" timestamp="1700126857850">
      <metrics coveredelements="2386" complexity="1313" loc="8802" methods="357" classes="330" statements="2819" packages="2" coveredconditionals="798" coveredmethods="176" elements="4778" ncloc="5232" files="326" conditionals="1602" coveredstatements="1412"/>
      <package name="humaneval.buggy">
         <metrics coveredelements="0" complexity="634" loc="4357" methods="178" classes="165" statements="1376" coveredconditionals="0" coveredmethods="0" elements="2326" ncloc="2572" files="163" conditionals="772" coveredstatements="0"/>
         <file path="C:\Users\yeren\Desktop\human\src\main\java\humaneval\buggy\ADD.java" name="ADD.java">
            <metrics coveredelements="0" coveredconditionals="0" complexity="1" loc="13" coveredmethods="0" methods="1" elements="2" classes="1" ncloc="6" statements="1" conditionals="0" coveredstatements="0"/>
            <class name="ADD">
               <metrics coveredelements="0" coveredconditionals="0" complexity="1" coveredmethods="0" methods="1" elements="2" statements="1" conditionals="0" coveredstatements="0"/>
            </class>
            <line complexity="1" visibility="public" signature="add(int,int) : int" num="10" count="0" type="method"/>
            <line num="11" count="0" type="stmt"/>
         </file>
         <file path="C:\Users\yeren\Desktop\human\src\main\java\humaneval\buggy\ADD_ELEMENTS.java" name="ADD_ELEMENTS.java">
            <metrics coveredelements="0" coveredconditionals="0" complexity="3" loc="30" coveredmethods="0" methods="1" elements="10" classes="1" ncloc="13" statements="5" conditionals="4" coveredstatements="0"/>
            <class name="ADD_ELEMENTS">
               <metrics coveredelements="0" coveredconditionals="0" complexity="3" coveredmethods="0" methods="1" elements="10" statements="5" conditionals="4" coveredstatements="0"/>
            </class>
            <line complexity="3" visibility="public" signature="add_elements(ArrayList&lt;Integer&gt;,int) : int" num="21" count="0" type="method"/>
            <line num="22" count="0" type="stmt"/>
            <line num="23" count="0" type="stmt"/>
            <line falsecount="0" truecount="0" num="23" type="cond"/>
            <line num="24" count="0" type="stmt"/>
            <line falsecount="0" truecount="0" num="24" type="cond"/>
            <line num="25" count="0" type="stmt"/>
            <line num="28" count="0" type="stmt"/>
         </file>
         <file path="C:\Users\yeren\Desktop\human\src\main\java\humaneval\buggy\ADD_EVEN_AT_ODD.java" name="ADD_EVEN_AT_ODD.java">
            <metrics coveredelements="0" coveredconditionals="0" complexity="3" loc="16" coveredmethods="0" methods="1" elements="10" classes="1" ncloc="11" statements="5" conditionals="4" coveredstatements="0"/>
            <class name="ADD_EVEN_AT_ODD">
               <metrics coveredelements="0" coveredconditionals="0" complexity="3" coveredmethods="0" methods="1" elements="10" statements="5" conditionals="4" coveredstatements="0"/>
            </class>
            <line complexity="3" visibility="public" signature="add_even_at_odd(int[]) : int" num="8" count="0" type="method"/>
            <line num="9" count="0" type="stmt"/>
            <line num="10" count="0" type="stmt"/>
            <line falsecount="0" truecount="0" num="10" type="cond"/>
            <line num="11" count="0" type="stmt"/>
            <line falsecount="0" truecount="0" num="11" type="cond"/>
            <line num="12" count="0" type="stmt"/>
            <line num="14" count="0" type="stmt"/>
         </file>
         <file path="C:\Users\yeren\Desktop\human\src\main\java\humaneval\buggy\ALL_PREFIXES.java" name="ALL_PREFIXES.java">
            <metrics coveredelements="0" coveredconditionals="0" complexity="2" loc="16" coveredmethods="0" methods="1" elements="7" classes="1" ncloc="12" statements="4" conditionals="2" coveredstatements="0"/>
            <class name="ALL_PREFIXES">
               <metrics coveredelements="0" coveredconditionals="0" complexity="2" coveredmethods="0" methods="1" elements="7" statements="4" conditionals="2" coveredstatements="0"/>
            </class>
            <line complexity="2" visibility="public" signature="all_prefixes(String) : List&lt;String&gt;" num="7" count="0" type="method"/>
            <line num="8" count="0" type="stmt"/>
            <line num="10" count="0" type="stmt"/>
            <line falsecount="0" truecount="0" num="10" type="cond"/>
            <line num="11" count="0" type="stmt"/>
            <line num="14" count="0" type="stmt"/>
         </file>
         <file path="C:\Users\yeren\Desktop\human\src\main\java\humaneval\buggy\ANTI_SHUFFLE.java" name="ANTI_SHUFFLE.java">
            <metrics coveredelements="0" coveredconditionals="0" complexity="1" loc="26" coveredmethods="0" methods="1" elements="7" classes="1" ncloc="13" statements="6" conditionals="0" coveredstatements="0"/>
            <class name="ANTI_SHUFFLE">
               <metrics coveredelements="0" coveredconditionals="0" complexity="1" coveredmethods="0" methods="1" elements="7" statements="6" conditionals="0" coveredstatements="0"/>
            </class>
            <line complexity="1" visibility="public" signature="anti_shuffle(String) : String" num="17" count="0" type="method"/>
            <line num="18" count="0" type="stmt"/>
            <line num="19" count="0" type="stmt"/>
            <line num="20" count="0" type="stmt"/>
            <line num="21" count="0" type="stmt"/>
            <line num="22" count="0" type="stmt"/>
            <line num="24" count="0" type="stmt"/>
         </file>
         <file path="C:\Users\yeren\Desktop\human\src\main\java\humaneval\buggy\ANY_INT.java" name="ANY_INT.java">
            <metrics coveredelements="0" coveredconditionals="0" complexity="5" loc="24" coveredmethods="0" methods="1" elements="9" classes="1" ncloc="10" statements="4" conditionals="4" coveredstatements="0"/>
            <class name="ANY_INT">
               <metrics coveredelements="0" coveredconditionals="0" complexity="5" coveredmethods="0" methods="1" elements="9" statements="4" conditionals="4" coveredstatements="0"/>
            </class>
            <line complexity="5" visibility="public" signature="any_int(double,double,double) : boolean" num="17" count="0" type="method"/>
            <line num="18" count="0" type="stmt"/>
            <line falsecount="0" truecount="0" num="18" type="cond"/>
            <line num="19" count="0" type="stmt"/>
            <line falsecount="0" truecount="0" num="19" type="cond"/>
            <line num="20" count="0" type="stmt"/>
            <line num="22" count="0" type="stmt"/>
         </file>
         <file path="C:\Users\yeren\Desktop\human\src\main\java\humaneval\buggy\BELOW_THRESHOLD.java" name="BELOW_THRESHOLD.java">
            <metrics coveredelements="0" coveredconditionals="0" complexity="3" loc="17" coveredmethods="0" methods="1" elements="9" classes="1" ncloc="10" statements="4" conditionals="4" coveredstatements="0"/>
            <class name="BELOW_THRESHOLD">
               <metrics coveredelements="0" coveredconditionals="0" complexity="3" coveredmethods="0" methods="1" elements="9" statements="4" conditionals="4" coveredstatements="0"/>
            </class>
            <line complexity="3" visibility="public" signature="below_threshold(int[],int) : boolean" num="10" count="0" type="method"/>
            <line num="11" count="0" type="stmt"/>
            <line falsecount="0" truecount="0" num="11" type="cond"/>
            <line num="12" count="0" type="stmt"/>
            <line falsecount="0" truecount="0" num="12" type="cond"/>
            <line num="13" count="0" type="stmt"/>
            <line num="15" count="0" type="stmt"/>
         </file>
         <file path="C:\Users\yeren\Desktop\human\src\main\java\humaneval\buggy\BELOW_ZERO.java" name="BELOW_ZERO.java">
            <metrics coveredelements="0" coveredconditionals="0" complexity="2" loc="16" coveredmethods="0" methods="1" elements="9" classes="1" ncloc="14" statements="6" conditionals="2" coveredstatements="0"/>
            <class name="BELOW_ZERO">
               <metrics coveredelements="0" coveredconditionals="0" complexity="2" coveredmethods="0" methods="1" elements="9" statements="6" conditionals="2" coveredstatements="0"/>
            </class>
            <line complexity="2" visibility="public" signature="below_zero(List&lt;Integer&gt;) : boolean" num="6" count="0" type="method"/>
            <line num="7" count="0" type="stmt"/>
            <line num="8" count="0" type="stmt"/>
            <line num="9" count="0" type="stmt"/>
            <line num="10" count="0" type="stmt"/>
            <line falsecount="0" truecount="0" num="10" type="cond"/>
            <line num="11" count="0" type="stmt"/>
            <line num="14" count="0" type="stmt"/>
         </file>
         <file path="C:\Users\yeren\Desktop\human\src\main\java\humaneval\buggy\BF.java" name="BF.java">
            <metrics coveredelements="0" coveredconditionals="0" complexity="4" loc="35" coveredmethods="0" methods="1" elements="14" classes="1" ncloc="18" statements="9" conditionals="4" coveredstatements="0"/>
            <class name="BF">
               <metrics coveredelements="0" coveredconditionals="0" complexity="4" coveredmethods="0" methods="1" elements="14" statements="9" conditionals="4" coveredstatements="0"/>
            </class>
            <line complexity="4" visibility="public" signature="bf(String,String) : ArrayList&lt;String&gt;" num="21" count="0" type="method"/>
            <line num="22" count="0" type="stmt"/>
            <line num="26" count="0" type="stmt"/>
            <line num="27" count="0" type="stmt"/>
            <line falsecount="0" truecount="0" num="27" type="cond"/>
            <line num="28" count="0" type="stmt"/>
            <line num="29" count="0" type="stmt"/>
            <line num="30" count="0" type="stmt"/>
            <line num="31" count="0" type="stmt"/>
            <line falsecount="0" truecount="0" num="31" type="cond"/>
            <line num="32" count="0" type="stmt"/>
            <line num="33" count="0" type="stmt"/>
         </file>
         <file path="C:\Users\yeren\Desktop\human\src\main\java\humaneval\buggy\BY_LENGTH.java" name="BY_LENGTH.java">
            <metrics coveredelements="0" coveredconditionals="0" complexity="2" loc="51" coveredmethods="0" methods="1" elements="19" classes="1" ncloc="27" statements="16" conditionals="2" coveredstatements="0"/>
            <class name="BY_LENGTH">
               <metrics coveredelements="0" coveredconditionals="0" complexity="2" coveredmethods="0" methods="1" elements="19" statements="16" conditionals="2" coveredstatements="0"/>
            </class>
            <line complexity="2" visibility="public" signature="by_length(ArrayList&lt;Integer&gt;) : ArrayList&lt;String&gt;" num="31" count="0" type="method"/>
            <line num="32" count="0" type="stmt"/>
            <line num="33" count="0" type="stmt"/>
            <line num="34" count="0" type="stmt"/>
            <line num="35" count="0" type="stmt"/>
            <line num="36" count="0" type="stmt"/>
            <line num="37" count="0" type="stmt"/>
            <line num="38" count="0" type="stmt"/>
            <line num="39" count="0" type="stmt"/>
            <line num="40" count="0" type="stmt"/>
            <line num="41" count="0" type="stmt"/>
            <line num="42" count="0" type="stmt"/>
            <line num="43" count="0" type="stmt"/>
            <line num="44" count="0" type="stmt"/>
            <line num="45" count="0" type="stmt"/>
            <line falsecount="0" truecount="0" num="45" type="cond"/>
            <line num="46" count="0" type="stmt"/>
            <line num="49" count="0" type="stmt"/>
         </file>
         <file path="C:\Users\yeren\Desktop\human\src\main\java\humaneval\buggy\CAN_ARRANGE.java" name="CAN_ARRANGE.java">
            <metrics coveredelements="0" coveredconditionals="0" complexity="3" loc="23" coveredmethods="0" methods="1" elements="10" classes="1" ncloc="10" statements="5" conditionals="4" coveredstatements="0"/>
            <class name="CAN_ARRANGE">
               <metrics coveredelements="0" coveredconditionals="0" complexity="3" coveredmethods="0" methods="1" elements="10" statements="5" conditionals="4" coveredstatements="0"/>
            </class>
            <line complexity="3" visibility="public" signature="can_arrange(int[]) : int" num="16" count="0" type="method"/>
            <line num="17" count="0" type="stmt"/>
            <line num="18" count="0" type="stmt"/>
            <line falsecount="0" truecount="0" num="18" type="cond"/>
            <line num="19" count="0" type="stmt"/>
            <line num="19" count="0" type="stmt"/>
            <line falsecount="0" truecount="0" num="19" type="cond"/>
            <line num="21" count="0" type="stmt"/>
         </file>
         <file path="C:\Users\yeren\Desktop\human\src\main\java\humaneval\buggy\CAR_RACE_COLLISION.java" name="CAR_RACE_COLLISION.java">
            <metrics coveredelements="0" coveredconditionals="0" complexity="1" loc="17" coveredmethods="0" methods="1" elements="2" classes="1" ncloc="6" statements="1" conditionals="0" coveredstatements="0"/>
            <class name="CAR_RACE_COLLISION">
               <metrics coveredelements="0" coveredconditionals="0" complexity="1" coveredmethods="0" methods="1" elements="2" statements="1" conditionals="0" coveredstatements="0"/>
            </class>
            <line complexity="1" visibility="public" signature="car_race_collision(int) : int" num="14" count="0" type="method"/>
            <line num="15" count="0" type="stmt"/>
         </file>
         <file path="C:\Users\yeren\Desktop\human\src\main\java\humaneval\buggy\CHANGE_BASE.java" name="CHANGE_BASE.java">
            <metrics coveredelements="0" coveredconditionals="0" complexity="2" loc="23" coveredmethods="0" methods="1" elements="8" classes="1" ncloc="11" statements="5" conditionals="2" coveredstatements="0"/>
            <class name="CHANGE_BASE">
               <metrics coveredelements="0" coveredconditionals="0" complexity="2" coveredmethods="0" methods="1" elements="8" statements="5" conditionals="2" coveredstatements="0"/>
            </class>
            <line complexity="2" visibility="public" signature="change_base(int,int) : String" num="14" count="0" type="method"/>
            <line num="15" count="0" type="stmt"/>
            <line num="17" count="0" type="stmt"/>
            <line falsecount="0" truecount="0" num="17" type="cond"/>
            <line num="18" count="0" type="stmt"/>
            <line num="19" count="0" type="stmt"/>
            <line num="21" count="0" type="stmt"/>
         </file>
         <file path="C:\Users\yeren\Desktop\human\src\main\java\humaneval\buggy\CHECK_DICT_CASE.java" name="CHECK_DICT_CASE.java">
            <metrics coveredelements="0" coveredconditionals="0" complexity="8" loc="44" coveredmethods="0" methods="1" elements="32" classes="1" ncloc="32" statements="19" conditionals="12" coveredstatements="0"/>
            <class name="CHECK_DICT_CASE">
               <metrics coveredelements="0" coveredconditionals="0" complexity="8" coveredmethods="0" methods="1" elements="32" statements="19" conditionals="12" coveredstatements="0"/>
            </class>
            <line complexity="8" visibility="public" signature="check_dict_case(HashMap&lt;Object, Object&gt;) : boolean" num="16" count="0" type="method"/>
            <line num="17" count="0" type="stmt"/>
            <line falsecount="0" truecount="0" num="17" type="cond"/>
            <line num="18" count="0" type="stmt"/>
            <line num="20" count="0" type="stmt"/>
            <line num="21" count="0" type="stmt"/>
            <line num="22" count="0" type="stmt"/>
            <line falsecount="0" truecount="0" num="22" type="cond"/>
            <line num="23" count="0" type="stmt"/>
            <line num="24" count="0" type="stmt"/>
            <line num="26" count="0" type="stmt"/>
            <line num="27" count="0" type="stmt"/>
            <line falsecount="0" truecount="0" num="27" type="cond"/>
            <line num="28" count="0" type="stmt"/>
            <line falsecount="0" truecount="0" num="28" type="cond"/>
            <line num="29" count="0" type="stmt"/>
            <line num="30" count="0" type="stmt"/>
            <line falsecount="0" truecount="0" num="30" type="cond"/>
            <line num="31" count="0" type="stmt"/>
            <line num="33" count="0" type="stmt"/>
            <line num="34" count="0" type="stmt"/>
            <line num="36" count="0" type="stmt"/>
            <line falsecount="0" truecount="0" num="36" type="cond"/>
            <line num="37" count="0" type="stmt"/>
            <line num="38" count="0" type="stmt"/>
            <line num="41" count="0" type="stmt"/>
         </file>
         <file path="C:\Users\yeren\Desktop\human\src\main\java\humaneval\buggy\CHECK_IF_LAST_CHAR_IS_A_LETTER.java" name="CHECK_IF_LAST_CHAR_IS_A_LETTER.java">
            <metrics coveredelements="0" coveredconditionals="0" complexity="3" loc="27" coveredmethods="0" methods="1" elements="14" classes="1" ncloc="12" statements="9" conditionals="4" coveredstatements="0"/>
            <class name="CHECK_IF_LAST_CHAR_IS_A_LETTER">
               <metrics coveredelements="0" coveredconditionals="0" complexity="3" coveredmethods="0" methods="1" elements="14" statements="9" conditionals="4" coveredstatements="0"/>
            </class>
            <line complexity="3" visibility="public" signature="check_if_last_char_is_a_letter(String) : boolean" num="18" count="0" type="method"/>
            <line num="19" count="0" type="stmt"/>
            <line num="20" count="0" type="stmt"/>
            <line num="21" count="0" type="stmt"/>
            <line num="22" count="0" type="stmt"/>
            <line num="22" count="0" type="stmt"/>
            <line falsecount="0" truecount="0" num="22" type="cond"/>
            <line num="23" count="0" type="stmt"/>
            <line num="23" count="0" type="stmt"/>
            <line falsecount="0" truecount="0" num="23" type="cond"/>
            <line num="24" count="0" type="stmt"/>
            <line num="25" count="0" type="stmt"/>
         </file>
         <file path="C:\Users\yeren\Desktop\human\src\main\java\humaneval\buggy\CHOOSE_NUM.java" name="CHOOSE_NUM.java">
            <metrics coveredelements="0" coveredconditionals="0" complexity="4" loc="20" coveredmethods="0" methods="1" elements="14" classes="1" ncloc="9" statements="7" conditionals="6" coveredstatements="0"/>
            <class name="CHOOSE_NUM">
               <metrics coveredelements="0" coveredconditionals="0" complexity="4" coveredmethods="0" methods="1" elements="14" statements="7" conditionals="6" coveredstatements="0"/>
            </class>
            <line complexity="4" visibility="public" signature="choose_num(int,int) : int" num="14" count="0" type="method"/>
            <line num="15" count="0" type="stmt"/>
            <line num="15" count="0" type="stmt"/>
            <line falsecount="0" truecount="0" num="15" type="cond"/>
            <line num="16" count="0" type="stmt"/>
            <line num="16" count="0" type="stmt"/>
            <line falsecount="0" truecount="0" num="16" type="cond"/>
            <line num="17" count="0" type="stmt"/>
            <line num="17" count="0" type="stmt"/>
            <line falsecount="0" truecount="0" num="17" type="cond"/>
            <line num="18" count="0" type="stmt"/>
         </file>
         <file path="C:\Users\yeren\Desktop\human\src\main\java\humaneval\buggy\CIRCULAR_SHIFT.java" name="CIRCULAR_SHIFT.java">
            <metrics coveredelements="0" coveredconditionals="0" complexity="3" loc="24" coveredmethods="0" methods="1" elements="12" classes="1" ncloc="14" statements="7" conditionals="4" coveredstatements="0"/>
            <class name="CIRCULAR_SHIFT">
               <metrics coveredelements="0" coveredconditionals="0" complexity="3" coveredmethods="0" methods="1" elements="12" statements="7" conditionals="4" coveredstatements="0"/>
            </class>
            <line complexity="3" visibility="public" signature="circular_shift(int,int) : String" num="12" count="0" type="method"/>
            <line num="13" count="0" type="stmt"/>
            <line num="15" count="0" type="stmt"/>
            <line falsecount="0" truecount="0" num="15" type="cond"/>
            <line num="16" count="0" type="stmt"/>
            <line num="17" count="0" type="stmt"/>
            <line falsecount="0" truecount="0" num="17" type="cond"/>
            <line num="18" count="0" type="stmt"/>
            <line num="19" count="0" type="stmt"/>
            <line num="21" count="0" type="stmt"/>
         </file>
         <file path="C:\Users\yeren\Desktop\human\src\main\java\humaneval\buggy\CLOSEST_INTEGER.java" name="CLOSEST_INTEGER.java">
            <metrics coveredelements="0" coveredconditionals="0" complexity="6" loc="36" coveredmethods="0" methods="1" elements="21" classes="1" ncloc="17" statements="10" conditionals="10" coveredstatements="0"/>
            <class name="CLOSEST_INTEGER">
               <metrics coveredelements="0" coveredconditionals="0" complexity="6" coveredmethods="0" methods="1" elements="21" statements="10" conditionals="10" coveredstatements="0"/>
            </class>
            <line complexity="6" visibility="public" signature="closest_integer(String) : int" num="20" count="0" type="method"/>
            <line num="21" count="0" type="stmt"/>
            <line falsecount="0" truecount="0" num="21" type="cond"/>
            <line num="22" count="0" type="stmt"/>
            <line falsecount="0" truecount="0" num="22" type="cond"/>
            <line num="23" count="0" type="stmt"/>
            <line num="26" count="0" type="stmt"/>
            <line num="27" count="0" type="stmt"/>
            <line num="28" count="0" type="stmt"/>
            <line falsecount="0" truecount="0" num="28" type="cond"/>
            <line num="29" count="0" type="stmt"/>
            <line falsecount="0" truecount="0" num="29" type="cond"/>
            <line num="30" count="0" type="stmt"/>
            <line falsecount="0" truecount="0" num="30" type="cond"/>
            <line num="31" count="0" type="stmt"/>
            <line num="34" count="0" type="stmt"/>
         </file>
         <file path="C:\Users\yeren\Desktop\human\src\main\java\humaneval\buggy\COMMON.java" name="COMMON.java">
            <metrics coveredelements="0" coveredconditionals="0" complexity="4" loc="30" coveredmethods="0" methods="1" elements="19" classes="1" ncloc="21" statements="12" conditionals="6" coveredstatements="0"/>
            <class name="COMMON">
               <metrics coveredelements="0" coveredconditionals="0" complexity="4" coveredmethods="0" methods="1" elements="19" statements="12" conditionals="6" coveredstatements="0"/>
            </class>
            <line complexity="4" visibility="public" signature="common(int[],int[]) : int[]" num="12" count="0" type="method"/>
            <line num="13" count="0" type="stmt"/>
            <line num="15" count="0" type="stmt"/>
            <line falsecount="0" truecount="0" num="15" type="cond"/>
            <line num="16" count="0" type="stmt"/>
            <line falsecount="0" truecount="0" num="16" type="cond"/>
            <line num="17" count="0" type="stmt"/>
            <line falsecount="0" truecount="0" num="17" type="cond"/>
            <line num="18" count="0" type="stmt"/>
            <line num="21" count="0" type="stmt"/>
            <line num="22" count="0" type="stmt"/>
            <line num="23" count="0" type="stmt"/>
            <line num="24" count="0" type="stmt"/>
            <line num="25" count="0" type="stmt"/>
            <line num="27" count="0" type="stmt"/>
            <line num="28" count="0" type="stmt"/>
         </file>
         <file path="C:\Users\yeren\Desktop\human\src\main\java\humaneval\buggy\COMPARE.java" name="COMPARE.java">
            <metrics coveredelements="0" coveredconditionals="0" complexity="2" loc="21" coveredmethods="0" methods="1" elements="7" classes="1" ncloc="10" statements="4" conditionals="2" coveredstatements="0"/>
            <class name="COMPARE">
               <metrics coveredelements="0" coveredconditionals="0" complexity="2" coveredmethods="0" methods="1" elements="7" statements="4" conditionals="2" coveredstatements="0"/>
            </class>
            <line complexity="2" visibility="public" signature="compare(int[],int[]) : int[]" num="12" count="0" type="method"/>
            <line num="13" count="0" type="stmt"/>
            <line num="15" count="0" type="stmt"/>
            <line falsecount="0" truecount="0" num="15" type="cond"/>
            <line num="16" count="0" type="stmt"/>
            <line num="19" count="0" type="stmt"/>
         </file>
         <file path="C:\Users\yeren\Desktop\human\src\main\java\humaneval\buggy\COMPARE_ONE.java" name="COMPARE_ONE.java">
            <metrics coveredelements="0" coveredconditionals="0" complexity="9" loc="37" coveredmethods="0" methods="1" elements="39" classes="1" ncloc="23" statements="22" conditionals="16" coveredstatements="0"/>
            <class name="COMPARE_ONE">
               <metrics coveredelements="0" coveredconditionals="0" complexity="9" coveredmethods="0" methods="1" elements="39" statements="22" conditionals="16" coveredstatements="0"/>
            </class>
            <line complexity="9" visibility="public" signature="compare_one(Object,Object) : Object" num="17" count="0" type="method"/>
            <line num="18" count="0" type="stmt"/>
            <line num="19" count="0" type="stmt"/>
            <line falsecount="0" truecount="0" num="19" type="cond"/>
            <line num="20" count="0" type="stmt"/>
            <line num="21" count="0" type="stmt"/>
            <line num="22" count="0" type="stmt"/>
            <line num="24" count="0" type="stmt"/>
            <line falsecount="0" truecount="0" num="24" type="cond"/>
            <line num="25" count="0" type="stmt"/>
            <line num="26" count="0" type="stmt"/>
            <line num="27" count="0" type="stmt"/>
            <line num="29" count="0" type="stmt"/>
            <line num="29" count="0" type="stmt"/>
            <line falsecount="0" truecount="0" num="29" type="cond"/>
            <line num="30" count="0" type="stmt"/>
            <line num="30" count="0" type="stmt"/>
            <line falsecount="0" truecount="0" num="30" type="cond"/>
            <line num="31" count="0" type="stmt"/>
            <line num="31" count="0" type="stmt"/>
            <line falsecount="0" truecount="0" num="31" type="cond"/>
            <line num="32" count="0" type="stmt"/>
            <line num="32" count="0" type="stmt"/>
            <line falsecount="0" truecount="0" num="32" type="cond"/>
            <line num="33" count="0" type="stmt"/>
            <line num="33" count="0" type="stmt"/>
            <line falsecount="0" truecount="0" num="33" type="cond"/>
            <line num="34" count="0" type="stmt"/>
            <line num="34" count="0" type="stmt"/>
            <line falsecount="0" truecount="0" num="34" type="cond"/>
            <line num="35" count="0" type="stmt"/>
         </file>
         <file path="C:\Users\yeren\Desktop\human\src\main\java\humaneval\buggy\CONCATENATE.java" name="CONCATENATE.java">
            <metrics coveredelements="0" coveredconditionals="0" complexity="1" loc="10" coveredmethods="0" methods="1" elements="5" classes="1" ncloc="9" statements="4" conditionals="0" coveredstatements="0"/>
            <class name="CONCATENATE">
               <metrics coveredelements="0" coveredconditionals="0" complexity="1" coveredmethods="0" methods="1" elements="5" statements="4" conditionals="0" coveredstatements="0"/>
            </class>
            <line complexity="1" visibility="public" signature="concatenate(String[]) : String" num="4" count="0" type="method"/>
            <line num="5" count="0" type="stmt"/>
            <line num="6" count="0" type="stmt"/>
            <line num="7" count="0" type="stmt"/>
            <line num="8" count="0" type="stmt"/>
         </file>
         <file path="C:\Users\yeren\Desktop\human\src\main\java\humaneval\buggy\CORRECT_BRACKETING.java" name="CORRECT_BRACKETING.java">
            <metrics coveredelements="0" coveredconditionals="0" complexity="3" loc="28" coveredmethods="0" methods="1" elements="13" classes="1" ncloc="15" statements="8" conditionals="4" coveredstatements="0"/>
            <class name="CORRECT_BRACKETING">
               <metrics coveredelements="0" coveredconditionals="0" complexity="3" coveredmethods="0" methods="1" elements="13" statements="8" conditionals="4" coveredstatements="0"/>
            </class>
            <line complexity="3" visibility="public" signature="correct_bracketing(String) : boolean" num="16" count="0" type="method"/>
            <line num="17" count="0" type="stmt"/>
            <line num="18" count="0" type="stmt"/>
            <line num="19" count="0" type="stmt"/>
            <line falsecount="0" truecount="0" num="19" type="cond"/>
            <line num="20" count="0" type="stmt"/>
            <line num="22" count="0" type="stmt"/>
            <line num="23" count="0" type="stmt"/>
            <line falsecount="0" truecount="0" num="23" type="cond"/>
            <line num="24" count="0" type="stmt"/>
            <line num="26" count="0" type="stmt"/>
         </file>
         <file path="C:\Users\yeren\Desktop\human\src\main\java\humaneval\buggy\COUNT_DISTINCT_CHARACTERS.java" name="COUNT_DISTINCT_CHARACTERS.java">
            <metrics coveredelements="0" coveredconditionals="0" complexity="2" loc="15" coveredmethods="0" methods="1" elements="8" classes="1" ncloc="12" statements="5" conditionals="2" coveredstatements="0"/>
            <class name="COUNT_DISTINCT_CHARACTERS">
               <metrics coveredelements="0" coveredconditionals="0" complexity="2" coveredmethods="0" methods="1" elements="8" statements="5" conditionals="2" coveredstatements="0"/>
            </class>
            <line complexity="2" visibility="public" signature="count_distinct_characters(String) : int" num="6" count="0" type="method"/>
            <line num="7" count="0" type="stmt"/>
            <line num="9" count="0" type="stmt"/>
            <line num="10" count="0" type="stmt"/>
            <line falsecount="0" truecount="0" num="10" type="cond"/>
            <line num="11" count="0" type="stmt"/>
            <line num="13" count="0" type="stmt"/>
         </file>
         <file path="C:\Users\yeren\Desktop\human\src\main\java\humaneval\buggy\COUNT_NUMS.java" name="COUNT_NUMS.java">
            <metrics coveredelements="0" coveredconditionals="0" complexity="6" loc="21" coveredmethods="0" methods="1" elements="23" classes="1" ncloc="19" statements="14" conditionals="8" coveredstatements="0"/>
            <class name="COUNT_NUMS">
               <metrics coveredelements="0" coveredconditionals="0" complexity="6" coveredmethods="0" methods="1" elements="23" statements="14" conditionals="8" coveredstatements="0"/>
            </class>
            <line complexity="6" visibility="public" signature="count_nums(ArrayList&lt;Integer&gt;) : int" num="6" count="0" type="method"/>
            <line num="7" count="0" type="stmt"/>
            <line num="8" count="0" type="stmt"/>
            <line num="9" count="0" type="stmt"/>
            <line num="10" count="0" type="stmt"/>
            <line num="10" count="0" type="stmt"/>
            <line falsecount="0" truecount="0" num="10" type="cond"/>
            <line num="11" count="0" type="stmt"/>
            <line num="12" count="0" type="stmt"/>
            <line num="13" count="0" type="stmt"/>
            <line falsecount="0" truecount="0" num="13" type="cond"/>
            <line num="14" count="0" type="stmt"/>
            <line num="14" count="0" type="stmt"/>
            <line falsecount="0" truecount="0" num="14" type="cond"/>
            <line num="15" count="0" type="stmt"/>
            <line num="17" count="0" type="stmt"/>
            <line num="17" count="0" type="stmt"/>
            <line falsecount="0" truecount="0" num="17" type="cond"/>
            <line num="19" count="0" type="stmt"/>
         </file>
         <file path="C:\Users\yeren\Desktop\human\src\main\java\humaneval\buggy\COUNT_UPPER.java" name="COUNT_UPPER.java">
            <metrics coveredelements="0" coveredconditionals="0" complexity="7" loc="20" coveredmethods="0" methods="1" elements="11" classes="1" ncloc="12" statements="6" conditionals="4" coveredstatements="0"/>
            <class name="COUNT_UPPER">
               <metrics coveredelements="0" coveredconditionals="0" complexity="7" coveredmethods="0" methods="1" elements="11" statements="6" conditionals="4" coveredstatements="0"/>
            </class>
            <line complexity="7" visibility="public" signature="count_upper(String) : int" num="11" count="0" type="method"/>
            <line num="12" count="0" type="stmt"/>
            <line num="13" count="0" type="stmt"/>
            <line falsecount="0" truecount="0" num="13" type="cond"/>
            <line num="14" count="0" type="stmt"/>
            <line num="15" count="0" type="stmt"/>
            <line falsecount="0" truecount="0" num="15" type="cond"/>
            <line num="16" count="0" type="stmt"/>
            <line num="18" count="0" type="stmt"/>
         </file>
         <file path="C:\Users\yeren\Desktop\human\src\main\java\humaneval\buggy\COUNT_UP_TO.java" name="COUNT_UP_TO.java">
            <metrics coveredelements="0" coveredconditionals="0" complexity="5" loc="31" coveredmethods="0" methods="1" elements="18" classes="1" ncloc="18" statements="9" conditionals="8" coveredstatements="0"/>
            <class name="COUNT_UP_TO">
               <metrics coveredelements="0" coveredconditionals="0" complexity="5" coveredmethods="0" methods="1" elements="18" statements="9" conditionals="8" coveredstatements="0"/>
            </class>
            <line complexity="5" visibility="public" signature="count_up_to(int) : List&lt;Integer&gt;" num="17" count="0" type="method"/>
            <line num="18" count="0" type="stmt"/>
            <line num="20" count="0" type="stmt"/>
            <line falsecount="0" truecount="0" num="20" type="cond"/>
            <line num="21" count="0" type="stmt"/>
            <line num="22" count="0" type="stmt"/>
            <line falsecount="0" truecount="0" num="22" type="cond"/>
            <line num="23" count="0" type="stmt"/>
            <line falsecount="0" truecount="0" num="23" type="cond"/>
            <line num="24" count="0" type="stmt"/>
            <line num="27" count="0" type="stmt"/>
            <line num="27" count="0" type="stmt"/>
            <line falsecount="0" truecount="0" num="27" type="cond"/>
            <line num="29" count="0" type="stmt"/>
         </file>
         <file path="C:\Users\yeren\Desktop\human\src\main\java\humaneval\buggy\CYCPATTERN_CHECK.java" name="CYCPATTERN_CHECK.java">
            <metrics coveredelements="0" coveredconditionals="0" complexity="4" loc="22" coveredmethods="0" methods="1" elements="14" classes="1" ncloc="13" statements="7" conditionals="6" coveredstatements="0"/>
            <class name="CYCPATTERN_CHECK">
               <metrics coveredelements="0" coveredconditionals="0" complexity="4" coveredmethods="0" methods="1" elements="14" statements="7" conditionals="6" coveredstatements="0"/>
            </class>
            <line complexity="4" visibility="public" signature="cycpattern_check(String,String) : boolean" num="12" count="0" type="method"/>
            <line num="13" count="0" type="stmt"/>
            <line num="14" count="0" type="stmt"/>
            <line num="15" count="0" type="stmt"/>
            <line falsecount="0" truecount="0" num="15" type="cond"/>
            <line num="16" count="0" type="stmt"/>
            <line falsecount="0" truecount="0" num="16" type="cond"/>
            <line num="17" count="0" type="stmt"/>
            <line num="17" count="0" type="stmt"/>
            <line falsecount="0" truecount="0" num="17" type="cond"/>
            <line num="20" count="0" type="stmt"/>
         </file>
         <file path="C:\Users\yeren\Desktop\human\src\main\java\humaneval\buggy\DECIMAL_TO_BINARY.java" name="DECIMAL_TO_BINARY.java">
            <metrics coveredelements="0" coveredconditionals="0" complexity="1" loc="19" coveredmethods="0" methods="1" elements="3" classes="1" ncloc="7" statements="2" conditionals="0" coveredstatements="0"/>
            <class name="DECIMAL_TO_BINARY">
               <metrics coveredelements="0" coveredconditionals="0" complexity="1" coveredmethods="0" methods="1" elements="3" statements="2" conditionals="0" coveredstatements="0"/>
            </class>
            <line complexity="1" visibility="public" signature="decimal_to_binary(int) : String" num="15" count="0" type="method"/>
            <line num="16" count="0" type="stmt"/>
            <line num="17" count="0" type="stmt"/>
         </file>
         <file path="C:\Users\yeren\Desktop\human\src\main\java\humaneval\buggy\DECODE_CYCLIC.java" name="DECODE_CYCLIC.java">
            <metrics coveredelements="0" coveredconditionals="0" complexity="4" loc="32" coveredmethods="0" methods="2" elements="18" classes="2" ncloc="25" statements="12" conditionals="4" coveredstatements="0"/>
            <class name="DECODE_CYCLIC">
               <metrics coveredelements="0" coveredconditionals="0" complexity="1" coveredmethods="0" methods="1" elements="3" statements="2" conditionals="0" coveredstatements="0"/>
            </class>
            <class name="DECODE_CYCLIC.Cyclic">
               <metrics coveredelements="0" coveredconditionals="0" complexity="3" coveredmethods="0" methods="1" elements="15" statements="10" conditionals="4" coveredstatements="0"/>
            </class>
            <line complexity="1" visibility="public" signature="decode_cyclic(String) : String" num="6" count="0" type="method"/>
            <line complexity="3" visibility="package" signature="encode_cyclic(String) : String" num="8" count="0" type="method"/>
            <line num="9" count="0" type="stmt"/>
            <line num="11" count="0" type="stmt"/>
            <line falsecount="0" truecount="0" num="11" type="cond"/>
            <line num="12" count="0" type="stmt"/>
            <line num="14" count="0" type="stmt"/>
            <line num="16" count="0" type="stmt"/>
            <line num="17" count="0" type="stmt"/>
            <line num="18" count="0" type="stmt"/>
            <line num="21" count="0" type="stmt"/>
            <line falsecount="0" truecount="0" num="21" type="cond"/>
            <line num="22" count="0" type="stmt"/>
            <line num="25" count="0" type="stmt"/>
            <line num="29" count="0" type="stmt"/>
            <line num="30" count="0" type="stmt"/>
         </file>
         <file path="C:\Users\yeren\Desktop\human\src\main\java\humaneval\buggy\DECODE_SHIFT.java" name="DECODE_SHIFT.java">
            <metrics coveredelements="0" coveredconditionals="0" complexity="2" loc="24" coveredmethods="0" methods="2" elements="12" classes="1" ncloc="19" statements="10" conditionals="0" coveredstatements="0"/>
            <class name="DECODE_SHIFT">
               <metrics coveredelements="0" coveredconditionals="0" complexity="2" coveredmethods="0" methods="2" elements="12" statements="10" conditionals="0" coveredstatements="0"/>
            </class>
            <line complexity="1" visibility="public" signature="encode_shift(String) : String" num="7" count="0" type="method"/>
            <line num="8" count="0" type="stmt"/>
            <line num="9" count="0" type="stmt"/>
            <line num="10" count="0" type="stmt"/>
            <line num="11" count="0" type="stmt"/>
            <line num="13" count="0" type="stmt"/>
            <line complexity="1" visibility="public" signature="decode_shift(String) : String" num="16" count="0" type="method"/>
            <line num="17" count="0" type="stmt"/>
            <line num="18" count="0" type="stmt"/>
            <line num="19" count="0" type="stmt"/>
            <line num="20" count="0" type="stmt"/>
            <line num="22" count="0" type="stmt"/>
         </file>
         <file path="C:\Users\yeren\Desktop\human\src\main\java\humaneval\buggy\DERIVATIVE.java" name="DERIVATIVE.java">
            <metrics coveredelements="0" coveredconditionals="0" complexity="2" loc="22" coveredmethods="0" methods="1" elements="7" classes="1" ncloc="11" statements="4" conditionals="2" coveredstatements="0"/>
            <class name="DERIVATIVE">
               <metrics coveredelements="0" coveredconditionals="0" complexity="2" coveredmethods="0" methods="1" elements="7" statements="4" conditionals="2" coveredstatements="0"/>
            </class>
            <line complexity="2" visibility="public" signature="derivative(List&lt;Integer&gt;) : List&lt;Integer&gt;" num="15" count="0" type="method"/>
            <line num="16" count="0" type="stmt"/>
            <line num="18" count="0" type="stmt"/>
            <line falsecount="0" truecount="0" num="18" type="cond"/>
            <line num="19" count="0" type="stmt"/>
            <line num="20" count="0" type="stmt"/>
         </file>
         <file path="C:\Users\yeren\Desktop\human\src\main\java\humaneval\buggy\DIGITS.java" name="DIGITS.java">
            <metrics coveredelements="0" coveredconditionals="0" complexity="4" loc="27" coveredmethods="0" methods="1" elements="18" classes="1" ncloc="17" statements="11" conditionals="6" coveredstatements="0"/>
            <class name="DIGITS">
               <metrics coveredelements="0" coveredconditionals="0" complexity="4" coveredmethods="0" methods="1" elements="18" statements="11" conditionals="6" coveredstatements="0"/>
            </class>
            <line complexity="4" visibility="public" signature="digits(int) : int" num="13" count="0" type="method"/>
            <line num="14" count="0" type="stmt"/>
            <line num="15" count="0" type="stmt"/>
            <line num="16" count="0" type="stmt"/>
            <line falsecount="0" truecount="0" num="16" type="cond"/>
            <line num="17" count="0" type="stmt"/>
            <line num="18" count="0" type="stmt"/>
            <line falsecount="0" truecount="0" num="18" type="cond"/>
            <line num="19" count="0" type="stmt"/>
            <line num="20" count="0" type="stmt"/>
            <line num="22" count="0" type="stmt"/>
            <line num="24" count="0" type="stmt"/>
            <line num="24" count="0" type="stmt"/>
            <line falsecount="0" truecount="0" num="24" type="cond"/>
            <line num="25" count="0" type="stmt"/>
         </file>
         <file path="C:\Users\yeren\Desktop\human\src\main\java\humaneval\buggy\DIGIT_SUM.java" name="DIGIT_SUM.java">
            <metrics coveredelements="0" coveredconditionals="0" complexity="4" loc="26" coveredmethods="0" methods="1" elements="12" classes="1" ncloc="13" statements="7" conditionals="4" coveredstatements="0"/>
            <class name="DIGIT_SUM">
               <metrics coveredelements="0" coveredconditionals="0" complexity="4" coveredmethods="0" methods="1" elements="12" statements="7" conditionals="4" coveredstatements="0"/>
            </class>
            <line complexity="4" visibility="public" signature="digit_sum(String) : int" num="16" count="0" type="method"/>
            <line num="17" count="0" type="stmt"/>
            <line num="18" count="0" type="stmt"/>
            <line num="19" count="0" type="stmt"/>
            <line falsecount="0" truecount="0" num="19" type="cond"/>
            <line num="20" count="0" type="stmt"/>
            <line num="21" count="0" type="stmt"/>
            <line falsecount="0" truecount="0" num="21" type="cond"/>
            <line num="22" count="0" type="stmt"/>
            <line num="24" count="0" type="stmt"/>
         </file>
         <file path="C:\Users\yeren\Desktop\human\src\main\java\humaneval\buggy\DOUBLE_THE_DIFFERENCE.java" name="DOUBLE_THE_DIFFERENCE.java">
            <metrics coveredelements="0" coveredconditionals="0" complexity="4" loc="26" coveredmethods="0" methods="1" elements="12" classes="1" ncloc="15" statements="7" conditionals="4" coveredstatements="0"/>
            <class name="DOUBLE_THE_DIFFERENCE">
               <metrics coveredelements="0" coveredconditionals="0" complexity="4" coveredmethods="0" methods="1" elements="12" statements="7" conditionals="4" coveredstatements="0"/>
            </class>
            <line complexity="4" visibility="public" signature="double_the_difference(double[]) : int" num="14" count="0" type="method"/>
            <line num="15" count="0" type="stmt"/>
            <line num="16" count="0" type="stmt"/>
            <line num="17" count="0" type="stmt"/>
            <line falsecount="0" truecount="0" num="17" type="cond"/>
            <line num="18" count="0" type="stmt"/>
            <line num="19" count="0" type="stmt"/>
            <line falsecount="0" truecount="0" num="19" type="cond"/>
            <line num="20" count="0" type="stmt"/>
            <line num="24" count="0" type="stmt"/>
         </file>
         <file path="C:\Users\yeren\Desktop\human\src\main\java\humaneval\buggy\DO_ALGEBRA.java" name="DO_ALGEBRA.java">
            <metrics coveredelements="0" coveredconditionals="0" complexity="2" loc="39" coveredmethods="0" methods="1" elements="9" classes="1" ncloc="15" statements="6" conditionals="2" coveredstatements="0"/>
            <class name="DO_ALGEBRA">
               <metrics coveredelements="0" coveredconditionals="0" complexity="2" coveredmethods="0" methods="1" elements="9" statements="6" conditionals="2" coveredstatements="0"/>
            </class>
            <line complexity="2" visibility="public" signature="do_algebra(String[],int[]) : double" num="30" count="0" type="method"/>
            <line num="31" count="0" type="stmt"/>
            <line num="32" count="0" type="stmt"/>
            <line num="33" count="0" type="stmt"/>
            <line num="34" count="0" type="stmt"/>
            <line falsecount="0" truecount="0" num="34" type="cond"/>
            <line num="35" count="0" type="stmt"/>
            <line num="37" count="0" type="stmt"/>
         </file>
         <file path="C:\Users\yeren\Desktop\human\src\main\java\humaneval\buggy\EAT.java" name="EAT.java">
            <metrics coveredelements="0" coveredconditionals="0" complexity="1" loc="34" coveredmethods="0" methods="1" elements="2" classes="1" ncloc="6" statements="1" conditionals="0" coveredstatements="0"/>
            <class name="EAT">
               <metrics coveredelements="0" coveredconditionals="0" complexity="1" coveredmethods="0" methods="1" elements="2" statements="1" conditionals="0" coveredstatements="0"/>
            </class>
            <line complexity="1" visibility="public" signature="eat(int,int,int) : int[]" num="31" count="0" type="method"/>
            <line num="32" count="0" type="stmt"/>
         </file>
         <file path="C:\Users\yeren\Desktop\human\src\main\java\humaneval\buggy\ENCODE.java" name="ENCODE.java">
            <metrics coveredelements="0" coveredconditionals="0" complexity="13" loc="33" coveredmethods="0" methods="1" elements="17" classes="1" ncloc="20" statements="10" conditionals="6" coveredstatements="0"/>
            <class name="ENCODE">
               <metrics coveredelements="0" coveredconditionals="0" complexity="13" coveredmethods="0" methods="1" elements="17" statements="10" conditionals="6" coveredstatements="0"/>
            </class>
            <line complexity="13" visibility="public" signature="encode(String) : String" num="16" count="0" type="method"/>
            <line num="17" count="0" type="stmt"/>
            <line num="18" count="0" type="stmt"/>
            <line num="19" count="0" type="stmt"/>
            <line falsecount="0" truecount="0" num="19" type="cond"/>
            <line num="20" count="0" type="stmt"/>
            <line num="22" count="0" type="stmt"/>
            <line falsecount="0" truecount="0" num="22" type="cond"/>
            <line num="23" count="0" type="stmt"/>
            <line num="25" count="0" type="stmt"/>
            <line falsecount="0" truecount="0" num="25" type="cond"/>
            <line num="27" count="0" type="stmt"/>
            <line num="29" count="0" type="stmt"/>
            <line num="31" count="0" type="stmt"/>
         </file>
         <file path="C:\Users\yeren\Desktop\human\src\main\java\humaneval\buggy\ENCRYPT.java" name="ENCRYPT.java">
            <metrics coveredelements="0" coveredconditionals="0" complexity="3" loc="28" coveredmethods="0" methods="1" elements="10" classes="1" ncloc="17" statements="7" conditionals="2" coveredstatements="0"/>
            <class name="ENCRYPT">
               <metrics coveredelements="0" coveredconditionals="0" complexity="3" coveredmethods="0" methods="1" elements="10" statements="7" conditionals="2" coveredstatements="0"/>
            </class>
            <line complexity="3" visibility="public" signature="encrypt(String) : String" num="14" count="0" type="method"/>
            <line num="15" count="0" type="stmt"/>
            <line num="16" count="0" type="stmt"/>
            <line num="17" count="0" type="stmt"/>
            <line num="18" count="0" type="stmt"/>
            <line falsecount="0" truecount="0" num="18" type="cond"/>
            <line num="19" count="0" type="stmt"/>
            <line num="23" count="0" type="stmt"/>
            <line num="26" count="0" type="stmt"/>
         </file>
         <file path="C:\Users\yeren\Desktop\human\src\main\java\humaneval\buggy\EVEN_ODD_COUNT.java" name="EVEN_ODD_COUNT.java">
            <metrics coveredelements="0" coveredconditionals="0" complexity="3" loc="20" coveredmethods="0" methods="1" elements="13" classes="1" ncloc="12" statements="8" conditionals="4" coveredstatements="0"/>
            <class name="EVEN_ODD_COUNT">
               <metrics coveredelements="0" coveredconditionals="0" complexity="3" coveredmethods="0" methods="1" elements="13" statements="8" conditionals="4" coveredstatements="0"/>
            </class>
            <line complexity="3" visibility="public" signature="even_odd_count(int) : int[]" num="10" count="0" type="method"/>
            <line num="11" count="0" type="stmt"/>
            <line num="12" count="0" type="stmt"/>
            <line num="14" count="0" type="stmt"/>
            <line num="15" count="0" type="stmt"/>
            <line num="15" count="0" type="stmt"/>
            <line falsecount="0" truecount="0" num="15" type="cond"/>
            <line num="16" count="0" type="stmt"/>
            <line num="16" count="0" type="stmt"/>
            <line falsecount="0" truecount="0" num="16" type="cond"/>
            <line num="18" count="0" type="stmt"/>
         </file>
         <file path="C:\Users\yeren\Desktop\human\src\main\java\humaneval\buggy\EVEN_ODD_PALINDROME.java" name="EVEN_ODD_PALINDROME.java">
            <metrics coveredelements="0" coveredconditionals="0" complexity="8" loc="48" coveredmethods="0" methods="2" elements="23" classes="1" ncloc="21" statements="13" conditionals="8" coveredstatements="0"/>
            <class name="EVEN_ODD_PALINDROME">
               <metrics coveredelements="0" coveredconditionals="0" complexity="8" coveredmethods="0" methods="2" elements="23" statements="13" conditionals="8" coveredstatements="0"/>
            </class>
            <line complexity="2" visibility="public" signature="is_palindrome(int) : boolean" num="30" count="0" type="method"/>
            <line num="31" count="0" type="stmt"/>
            <line num="32" count="0" type="stmt"/>
            <line num="33" count="0" type="stmt"/>
            <line falsecount="0" truecount="0" num="33" type="cond"/>
            <line num="34" count="0" type="stmt"/>
            <line num="36" count="0" type="stmt"/>
            <line complexity="6" visibility="public" signature="even_odd_palindrome(int) : ArrayList&lt;Integer&gt;" num="39" count="0" type="method"/>
            <line num="40" count="0" type="stmt"/>
            <line num="41" count="0" type="stmt"/>
            <line falsecount="0" truecount="0" num="41" type="cond"/>
            <line num="42" count="0" type="stmt"/>
            <line num="42" count="0" type="stmt"/>
            <line falsecount="0" truecount="0" num="42" type="cond"/>
            <line num="43" count="0" type="stmt"/>
            <line num="43" count="0" type="stmt"/>
            <line falsecount="0" truecount="0" num="43" type="cond"/>
            <line num="45" count="0" type="stmt"/>
            <line num="46" count="0" type="stmt"/>
         </file>
         <file path="C:\Users\yeren\Desktop\human\src\main\java\humaneval\buggy\EXCHANGE.java" name="EXCHANGE.java">
            <metrics coveredelements="0" coveredconditionals="0" complexity="4" loc="33" coveredmethods="0" methods="1" elements="17" classes="1" ncloc="17" statements="10" conditionals="6" coveredstatements="0"/>
            <class name="EXCHANGE">
               <metrics coveredelements="0" coveredconditionals="0" complexity="4" coveredmethods="0" methods="1" elements="17" statements="10" conditionals="6" coveredstatements="0"/>
            </class>
            <line complexity="4" visibility="public" signature="exchange(ArrayList&lt;Integer&gt;,ArrayList&lt;Integer&gt;) : String" num="20" count="0" type="method"/>
            <line num="21" count="0" type="stmt"/>
            <line num="22" count="0" type="stmt"/>
            <line num="23" count="0" type="stmt"/>
            <line num="23" count="0" type="stmt"/>
            <line falsecount="0" truecount="0" num="23" type="cond"/>
            <line num="25" count="0" type="stmt"/>
            <line num="26" count="0" type="stmt"/>
            <line num="26" count="0" type="stmt"/>
            <line falsecount="0" truecount="0" num="26" type="cond"/>
            <line num="28" count="0" type="stmt"/>
            <line falsecount="0" truecount="0" num="28" type="cond"/>
            <line num="29" count="0" type="stmt"/>
            <line num="31" count="0" type="stmt"/>
         </file>
         <file path="C:\Users\yeren\Desktop\human\src\main\java\humaneval\buggy\FACTORIAL.java" name="FACTORIAL.java">
            <metrics coveredelements="0" coveredconditionals="0" complexity="5" loc="31" coveredmethods="0" methods="1" elements="21" classes="1" ncloc="19" statements="12" conditionals="8" coveredstatements="0"/>
            <class name="FACTORIAL">
               <metrics coveredelements="0" coveredconditionals="0" complexity="5" coveredmethods="0" methods="1" elements="21" statements="12" conditionals="8" coveredstatements="0"/>
            </class>
            <line complexity="5" visibility="public" signature="factorial(int) : ArrayList&lt;Integer&gt;" num="16" count="0" type="method"/>
            <line num="17" count="0" type="stmt"/>
            <line num="18" count="0" type="stmt"/>
            <line falsecount="0" truecount="0" num="18" type="cond"/>
            <line num="19" count="0" type="stmt"/>
            <line falsecount="0" truecount="0" num="19" type="cond"/>
            <line num="20" count="0" type="stmt"/>
            <line num="21" count="0" type="stmt"/>
            <line num="21" count="0" type="stmt"/>
            <line falsecount="0" truecount="0" num="21" type="cond"/>
            <line num="22" count="0" type="stmt"/>
            <line num="24" count="0" type="stmt"/>
            <line num="25" count="0" type="stmt"/>
            <line num="25" count="0" type="stmt"/>
            <line falsecount="0" truecount="0" num="25" type="cond"/>
            <line num="26" count="0" type="stmt"/>
            <line num="29" count="0" type="stmt"/>
         </file>
         <file path="C:\Users\yeren\Desktop\human\src\main\java\humaneval\buggy\FACTORIZE.java" name="FACTORIZE.java">
            <metrics coveredelements="0" coveredconditionals="0" complexity="3" loc="22" coveredmethods="0" methods="1" elements="13" classes="1" ncloc="18" statements="8" conditionals="4" coveredstatements="0"/>
            <class name="FACTORIZE">
               <metrics coveredelements="0" coveredconditionals="0" complexity="3" coveredmethods="0" methods="1" elements="13" statements="8" conditionals="4" coveredstatements="0"/>
            </class>
            <line complexity="3" visibility="public" signature="factorize(int) : List&lt;Integer&gt;" num="7" count="0" type="method"/>
            <line num="8" count="0" type="stmt"/>
            <line num="10" count="0" type="stmt"/>
            <line num="11" count="0" type="stmt"/>
            <line falsecount="0" truecount="0" num="11" type="cond"/>
            <line num="12" count="0" type="stmt"/>
            <line falsecount="0" truecount="0" num="12" type="cond"/>
            <line num="13" count="0" type="stmt"/>
            <line num="14" count="0" type="stmt"/>
            <line num="16" count="0" type="stmt"/>
            <line num="20" count="0" type="stmt"/>
         </file>
         <file path="C:\Users\yeren\Desktop\human\src\main\java\humaneval\buggy\FIB.java" name="FIB.java">
            <metrics coveredelements="0" coveredconditionals="0" complexity="1" loc="15" coveredmethods="0" methods="1" elements="2" classes="1" ncloc="6" statements="1" conditionals="0" coveredstatements="0"/>
            <class name="FIB">
               <metrics coveredelements="0" coveredconditionals="0" complexity="1" coveredmethods="0" methods="1" elements="2" statements="1" conditionals="0" coveredstatements="0"/>
            </class>
            <line complexity="1" visibility="public" signature="fib(int) : int" num="12" count="0" type="method"/>
            <line num="13" count="0" type="stmt"/>
         </file>
         <file path="C:\Users\yeren\Desktop\human\src\main\java\humaneval\buggy\FIB4.java" name="FIB4.java">
            <metrics coveredelements="0" coveredconditionals="0" complexity="3" loc="36" coveredmethods="0" methods="1" elements="15" classes="1" ncloc="19" statements="10" conditionals="4" coveredstatements="0"/>
            <class name="FIB4">
               <metrics coveredelements="0" coveredconditionals="0" complexity="3" coveredmethods="0" methods="1" elements="15" statements="10" conditionals="4" coveredstatements="0"/>
            </class>
            <line complexity="3" visibility="public" signature="fib4(int) : int" num="20" count="0" type="method"/>
            <line num="21" count="0" type="stmt"/>
            <line num="22" count="0" type="stmt"/>
            <line num="23" count="0" type="stmt"/>
            <line num="24" count="0" type="stmt"/>
            <line num="25" count="0" type="stmt"/>
            <line num="27" count="0" type="stmt"/>
            <line falsecount="0" truecount="0" num="27" type="cond"/>
            <line num="28" count="0" type="stmt"/>
            <line num="29" count="0" type="stmt"/>
            <line falsecount="0" truecount="0" num="29" type="cond"/>
            <line num="30" count="0" type="stmt"/>
            <line num="34" count="0" type="stmt"/>
         </file>
         <file path="C:\Users\yeren\Desktop\human\src\main\java\humaneval\buggy\FIBFIB.java" name="FIBFIB.java">
            <metrics coveredelements="0" coveredconditionals="0" complexity="3" loc="24" coveredmethods="0" methods="1" elements="10" classes="1" ncloc="10" statements="5" conditionals="4" coveredstatements="0"/>
            <class name="FIBFIB">
               <metrics coveredelements="0" coveredconditionals="0" complexity="3" coveredmethods="0" methods="1" elements="10" statements="5" conditionals="4" coveredstatements="0"/>
            </class>
            <line complexity="3" visibility="public" signature="fibfib(int) : int" num="17" count="0" type="method"/>
            <line num="18" count="0" type="stmt"/>
            <line falsecount="0" truecount="0" num="18" type="cond"/>
            <line num="19" count="0" type="stmt"/>
            <line num="20" count="0" type="stmt"/>
            <line falsecount="0" truecount="0" num="20" type="cond"/>
            <line num="21" count="0" type="stmt"/>
            <line num="22" count="0" type="stmt"/>
         </file>
         <file path="C:\Users\yeren\Desktop\human\src\main\java\humaneval\buggy\FILE_NAME_CHECK.java" name="FILE_NAME_CHECK.java">
            <metrics coveredelements="0" coveredconditionals="0" complexity="13" loc="36" coveredmethods="0" methods="1" elements="29" classes="1" ncloc="21" statements="16" conditionals="12" coveredstatements="0"/>
            <class name="FILE_NAME_CHECK">
               <metrics coveredelements="0" coveredconditionals="0" complexity="13" coveredmethods="0" methods="1" elements="29" statements="16" conditionals="12" coveredstatements="0"/>
            </class>
            <line complexity="13" visibility="public" signature="file_name_check(String) : String" num="17" count="0" type="method"/>
            <line num="18" count="0" type="stmt"/>
            <line num="20" count="0" type="stmt"/>
            <line falsecount="0" truecount="0" num="20" type="cond"/>
            <line num="21" count="0" type="stmt"/>
            <line num="22" count="0" type="stmt"/>
            <line falsecount="0" truecount="0" num="22" type="cond"/>
            <line num="23" count="0" type="stmt"/>
            <line num="24" count="0" type="stmt"/>
            <line falsecount="0" truecount="0" num="24" type="cond"/>
            <line num="25" count="0" type="stmt"/>
            <line num="26" count="0" type="stmt"/>
            <line falsecount="0" truecount="0" num="26" type="cond"/>
            <line num="27" count="0" type="stmt"/>
            <line num="28" count="0" type="stmt"/>
            <line num="29" count="0" type="stmt"/>
            <line num="30" count="0" type="stmt"/>
            <line falsecount="0" truecount="0" num="30" type="cond"/>
            <line num="31" count="0" type="stmt"/>
            <line num="33" count="0" type="stmt"/>
            <line num="33" count="0" type="stmt"/>
            <line falsecount="0" truecount="0" num="33" type="cond"/>
            <line num="34" count="0" type="stmt"/>
         </file>
         <file path="C:\Users\yeren\Desktop\human\src\main\java\humaneval\buggy\FILTER_BY_PREFIX.java" name="FILTER_BY_PREFIX.java">
            <metrics coveredelements="0" coveredconditionals="0" complexity="2" loc="17" coveredmethods="0" methods="1" elements="8" classes="1" ncloc="14" statements="5" conditionals="2" coveredstatements="0"/>
            <class name="FILTER_BY_PREFIX">
               <metrics coveredelements="0" coveredconditionals="0" complexity="2" coveredmethods="0" methods="1" elements="8" statements="5" conditionals="2" coveredstatements="0"/>
            </class>
            <line complexity="2" visibility="public" signature="filter_by_prefix(List&lt;String&gt;,String) : List&lt;String&gt;" num="7" count="0" type="method"/>
            <line num="8" count="0" type="stmt"/>
            <line num="10" count="0" type="stmt"/>
            <line num="11" count="0" type="stmt"/>
            <line falsecount="0" truecount="0" num="11" type="cond"/>
            <line num="12" count="0" type="stmt"/>
            <line num="15" count="0" type="stmt"/>
         </file>
         <file path="C:\Users\yeren\Desktop\human\src\main\java\humaneval\buggy\FILTER_BY_SUBSTRING.java" name="FILTER_BY_SUBSTRING.java">
            <metrics coveredelements="0" coveredconditionals="0" complexity="1" loc="14" coveredmethods="0" methods="1" elements="5" classes="1" ncloc="12" statements="4" conditionals="0" coveredstatements="0"/>
            <class name="FILTER_BY_SUBSTRING">
               <metrics coveredelements="0" coveredconditionals="0" complexity="1" coveredmethods="0" methods="1" elements="5" statements="4" conditionals="0" coveredstatements="0"/>
            </class>
            <line complexity="1" visibility="public" signature="filter_by_substring(List&lt;String&gt;,String) : List&lt;String&gt;" num="7" count="0" type="method"/>
            <line num="8" count="0" type="stmt"/>
            <line num="9" count="0" type="stmt"/>
            <line num="10" count="0" type="stmt"/>
            <line num="12" count="0" type="stmt"/>
         </file>
         <file path="C:\Users\yeren\Desktop\human\src\main\java\humaneval\buggy\FILTER_INTEGERS.java" name="FILTER_INTEGERS.java">
            <metrics coveredelements="0" coveredconditionals="0" complexity="1" loc="15" coveredmethods="0" methods="1" elements="5" classes="1" ncloc="12" statements="4" conditionals="0" coveredstatements="0"/>
            <class name="FILTER_INTEGERS">
               <metrics coveredelements="0" coveredconditionals="0" complexity="1" coveredmethods="0" methods="1" elements="5" statements="4" conditionals="0" coveredstatements="0"/>
            </class>
            <line complexity="1" visibility="public" signature="filter_integers(List&lt;Object&gt;) : List&lt;Integer&gt;" num="7" count="0" type="method"/>
            <line num="8" count="0" type="stmt"/>
            <line num="10" count="0" type="stmt"/>
            <line num="11" count="0" type="stmt"/>
            <line num="13" count="0" type="stmt"/>
         </file>
         <file path="C:\Users\yeren\Desktop\human\src\main\java\humaneval\buggy\FIND_CLOSEST_ELEMENTS.java" name="FIND_CLOSEST_ELEMENTS.java">
            <metrics coveredelements="0" coveredconditionals="0" complexity="5" loc="25" coveredmethods="0" methods="1" elements="22" classes="1" ncloc="23" statements="13" conditionals="8" coveredstatements="0"/>
            <class name="FIND_CLOSEST_ELEMENTS">
               <metrics coveredelements="0" coveredconditionals="0" complexity="5" coveredmethods="0" methods="1" elements="22" statements="13" conditionals="8" coveredstatements="0"/>
            </class>
            <line complexity="5" visibility="public" signature="find_closest_elements(double[]) : double[]" num="4" count="0" type="method"/>
            <line num="5" count="0" type="stmt"/>
            <line num="7" count="0" type="stmt"/>
            <line num="8" count="0" type="stmt"/>
            <line falsecount="0" truecount="0" num="8" type="cond"/>
            <line num="9" count="0" type="stmt"/>
            <line falsecount="0" truecount="0" num="9" type="cond"/>
            <line num="10" count="0" type="stmt"/>
            <line num="11" count="0" type="stmt"/>
            <line falsecount="0" truecount="0" num="11" type="cond"/>
            <line num="12" count="0" type="stmt"/>
            <line num="13" count="0" type="stmt"/>
            <line falsecount="0" truecount="0" num="13" type="cond"/>
            <line num="14" count="0" type="stmt"/>
            <line num="15" count="0" type="stmt"/>
            <line num="17" count="0" type="stmt"/>
            <line num="18" count="0" type="stmt"/>
            <line num="23" count="0" type="stmt"/>
         </file>
         <file path="C:\Users\yeren\Desktop\human\src\main\java\humaneval\buggy\FIND_MAX.java" name="FIND_MAX.java">
            <metrics coveredelements="0" coveredconditionals="0" complexity="1" loc="32" coveredmethods="0" methods="1" elements="9" classes="1" ncloc="21" statements="8" conditionals="0" coveredstatements="0"/>
            <class name="FIND_MAX">
               <metrics coveredelements="0" coveredconditionals="0" complexity="1" coveredmethods="0" methods="1" elements="9" statements="8" conditionals="0" coveredstatements="0"/>
            </class>
            <line complexity="1" visibility="public" signature="find_max(String[]) : String" num="18" count="0" type="method"/>
            <line num="19" count="0" type="stmt"/>
            <line num="20" count="0" type="stmt"/>
            <line num="23" count="0" type="stmt"/>
            <line num="24" count="0" type="stmt"/>
            <line num="25" count="0" type="stmt"/>
            <line num="26" count="0" type="stmt"/>
            <line num="27" count="0" type="stmt"/>
            <line num="30" count="0" type="stmt"/>
         </file>
         <file path="C:\Users\yeren\Desktop\human\src\main\java\humaneval\buggy\FIND_ZERO.java" name="FIND_ZERO.java">
            <metrics coveredelements="0" coveredconditionals="0" complexity="6" loc="33" coveredmethods="0" methods="2" elements="25" classes="1" ncloc="28" statements="15" conditionals="8" coveredstatements="0"/>
            <class name="FIND_ZERO">
               <metrics coveredelements="0" coveredconditionals="0" complexity="6" coveredmethods="0" methods="2" elements="25" statements="15" conditionals="8" coveredstatements="0"/>
            </class>
            <line complexity="2" visibility="public" signature="poly(List&lt;Double&gt;,double) : double" num="6" count="0" type="method"/>
            <line num="7" count="0" type="stmt"/>
            <line num="8" count="0" type="stmt"/>
            <line falsecount="0" truecount="0" num="8" type="cond"/>
            <line num="9" count="0" type="stmt"/>
            <line num="11" count="0" type="stmt"/>
            <line complexity="4" visibility="public" signature="find_zero(List&lt;Double&gt;) : double" num="14" count="0" type="method"/>
            <line num="15" count="0" type="stmt"/>
            <line num="16" count="0" type="stmt"/>
            <line num="18" count="0" type="stmt"/>
            <line falsecount="0" truecount="0" num="18" type="cond"/>
            <line num="19" count="0" type="stmt"/>
            <line num="20" count="0" type="stmt"/>
            <line num="22" count="0" type="stmt"/>
            <line falsecount="0" truecount="0" num="22" type="cond"/>
            <line num="23" count="0" type="stmt"/>
            <line num="25" count="0" type="stmt"/>
            <line falsecount="0" truecount="0" num="25" type="cond"/>
            <line num="26" count="0" type="stmt"/>
            <line num="28" count="0" type="stmt"/>
            <line num="31" count="0" type="stmt"/>
         </file>
         <file path="C:\Users\yeren\Desktop\human\src\main\java\humaneval\buggy\FIX_SPACES.java" name="FIX_SPACES.java">
            <metrics coveredelements="0" coveredconditionals="0" complexity="6" loc="38" coveredmethods="0" methods="1" elements="29" classes="1" ncloc="27" statements="18" conditionals="10" coveredstatements="0"/>
            <class name="FIX_SPACES">
               <metrics coveredelements="0" coveredconditionals="0" complexity="6" coveredmethods="0" methods="1" elements="29" statements="18" conditionals="10" coveredstatements="0"/>
            </class>
            <line complexity="6" visibility="public" signature="fix_spaces(String) : String" num="13" count="0" type="method"/>
            <line num="14" count="0" type="stmt"/>
            <line num="15" count="0" type="stmt"/>
            <line num="16" count="0" type="stmt"/>
            <line num="17" count="0" type="stmt"/>
            <line num="18" count="0" type="stmt"/>
            <line falsecount="0" truecount="0" num="18" type="cond"/>
            <line num="19" count="0" type="stmt"/>
            <line num="19" count="0" type="stmt"/>
            <line falsecount="0" truecount="0" num="19" type="cond"/>
            <line num="21" count="0" type="stmt"/>
            <line num="21" count="0" type="stmt"/>
            <line falsecount="0" truecount="0" num="21" type="cond"/>
            <line num="22" count="0" type="stmt"/>
            <line falsecount="0" truecount="0" num="22" type="cond"/>
            <line num="23" count="0" type="stmt"/>
            <line falsecount="0" truecount="0" num="23" type="cond"/>
            <line num="24" count="0" type="stmt"/>
            <line num="26" count="0" type="stmt"/>
            <line num="28" count="0" type="stmt"/>
            <line num="30" count="0" type="stmt"/>
            <line num="31" count="0" type="stmt"/>
            <line num="33" count="0" type="stmt"/>
            <line num="36" count="0" type="stmt"/>
         </file>
         <file path="C:\Users\yeren\Desktop\human\src\main\java\humaneval\buggy\FIZZ_BUZZ.java" name="FIZZ_BUZZ.java">
            <metrics coveredelements="0" coveredconditionals="0" complexity="6" loc="17" coveredmethods="0" methods="1" elements="16" classes="1" ncloc="15" statements="7" conditionals="8" coveredstatements="0"/>
            <class name="FIZZ_BUZZ">
               <metrics coveredelements="0" coveredconditionals="0" complexity="6" coveredmethods="0" methods="1" elements="16" statements="7" conditionals="8" coveredstatements="0"/>
            </class>
            <line complexity="6" visibility="public" signature="fizz_buzz(int) : int" num="4" count="0" type="method"/>
            <line num="5" count="0" type="stmt"/>
            <line num="7" count="0" type="stmt"/>
            <line falsecount="0" truecount="0" num="7" type="cond"/>
            <line num="8" count="0" type="stmt"/>
            <line falsecount="0" truecount="0" num="8" type="cond"/>
            <line num="9" count="0" type="stmt"/>
            <line falsecount="0" truecount="0" num="9" type="cond"/>
            <line num="10" count="0" type="stmt"/>
            <line falsecount="0" truecount="0" num="10" type="cond"/>
            <line num="11" count="0" type="stmt"/>
            <line num="15" count="0" type="stmt"/>
         </file>
         <file path="C:\Users\yeren\Desktop\human\src\main\java\humaneval\buggy\FLIP_CASE.java" name="FLIP_CASE.java">
            <metrics coveredelements="0" coveredconditionals="0" complexity="3" loc="18" coveredmethods="0" methods="1" elements="12" classes="1" ncloc="16" statements="7" conditionals="4" coveredstatements="0"/>
            <class name="FLIP_CASE">
               <metrics coveredelements="0" coveredconditionals="0" complexity="3" coveredmethods="0" methods="1" elements="12" statements="7" conditionals="4" coveredstatements="0"/>
            </class>
            <line complexity="3" visibility="public" signature="flip_case(String) : String" num="4" count="0" type="method"/>
            <line num="5" count="0" type="stmt"/>
            <line num="7" count="0" type="stmt"/>
            <line falsecount="0" truecount="0" num="7" type="cond"/>
            <line num="8" count="0" type="stmt"/>
            <line num="9" count="0" type="stmt"/>
            <line falsecount="0" truecount="0" num="9" type="cond"/>
            <line num="10" count="0" type="stmt"/>
            <line num="13" count="0" type="stmt"/>
            <line num="16" count="0" type="stmt"/>
         </file>
         <file path="C:\Users\yeren\Desktop\human\src\main\java\humaneval\buggy\FRUIT_DISTRIBUTION.java" name="FRUIT_DISTRIBUTION.java">
            <metrics coveredelements="0" coveredconditionals="0" complexity="1" loc="24" coveredmethods="0" methods="1" elements="6" classes="1" ncloc="11" statements="5" conditionals="0" coveredstatements="0"/>
            <class name="FRUIT_DISTRIBUTION">
               <metrics coveredelements="0" coveredconditionals="0" complexity="1" coveredmethods="0" methods="1" elements="6" statements="5" conditionals="0" coveredstatements="0"/>
            </class>
            <line complexity="1" visibility="public" signature="fruit_distribution(String,int) : int" num="15" count="0" type="method"/>
            <line num="16" count="0" type="stmt"/>
            <line num="18" count="0" type="stmt"/>
            <line num="19" count="0" type="stmt"/>
            <line num="20" count="0" type="stmt"/>
            <line num="22" count="0" type="stmt"/>
         </file>
         <file path="C:\Users\yeren\Desktop\human\src\main\java\humaneval\buggy\GENERATE_INTEGERS.java" name="GENERATE_INTEGERS.java">
            <metrics coveredelements="0" coveredconditionals="0" complexity="3" loc="24" coveredmethods="0" methods="1" elements="12" classes="1" ncloc="13" statements="7" conditionals="4" coveredstatements="0"/>
            <class name="GENERATE_INTEGERS">
               <metrics coveredelements="0" coveredconditionals="0" complexity="3" coveredmethods="0" methods="1" elements="12" statements="7" conditionals="4" coveredstatements="0"/>
            </class>
            <line complexity="3" visibility="public" signature="generate_integers(int,int) : ArrayList&lt;Integer&gt;" num="14" count="0" type="method"/>
            <line num="15" count="0" type="stmt"/>
            <line num="16" count="0" type="stmt"/>
            <line num="18" count="0" type="stmt"/>
            <line num="19" count="0" type="stmt"/>
            <line falsecount="0" truecount="0" num="19" type="cond"/>
            <line num="20" count="0" type="stmt"/>
            <line num="20" count="0" type="stmt"/>
            <line falsecount="0" truecount="0" num="20" type="cond"/>
            <line num="22" count="0" type="stmt"/>
         </file>
         <file path="C:\Users\yeren\Desktop\human\src\main\java\humaneval\buggy\GET_CLOSET_VOWEL.java" name="GET_CLOSET_VOWEL.java">
            <metrics coveredelements="0" coveredconditionals="0" complexity="6" loc="35" coveredmethods="0" methods="1" elements="17" classes="1" ncloc="17" statements="8" conditionals="8" coveredstatements="0"/>
            <class name="GET_CLOSET_VOWEL">
               <metrics coveredelements="0" coveredconditionals="0" complexity="6" coveredmethods="0" methods="1" elements="17" statements="8" conditionals="8" coveredstatements="0"/>
            </class>
            <line complexity="6" visibility="public" signature="get_closet_vowel(String) : String" num="23" count="0" type="method"/>
            <line num="24" count="0" type="stmt"/>
            <line num="24" count="0" type="stmt"/>
            <line falsecount="0" truecount="0" num="24" type="cond"/>
            <line num="25" count="0" type="stmt"/>
            <line num="26" count="0" type="stmt"/>
            <line falsecount="0" truecount="0" num="26" type="cond"/>
            <line num="27" count="0" type="stmt"/>
            <line falsecount="0" truecount="0" num="27" type="cond"/>
            <line num="28" count="0" type="stmt"/>
            <line falsecount="0" truecount="0" num="28" type="cond"/>
            <line num="29" count="0" type="stmt"/>
            <line num="33" count="0" type="stmt"/>
         </file>
         <file path="C:\Users\yeren\Desktop\human\src\main\java\humaneval\buggy\GET_MAX_TRIPLES.java" name="GET_MAX_TRIPLES.java">
            <metrics coveredelements="0" coveredconditionals="0" complexity="6" loc="31" coveredmethods="0" methods="1" elements="21" classes="1" ncloc="17" statements="10" conditionals="10" coveredstatements="0"/>
            <class name="GET_MAX_TRIPLES">
               <metrics coveredelements="0" coveredconditionals="0" complexity="6" coveredmethods="0" methods="1" elements="21" statements="10" conditionals="10" coveredstatements="0"/>
            </class>
            <line complexity="6" visibility="public" signature="get_max_triples(int) : int" num="16" count="0" type="method"/>
            <line num="17" count="0" type="stmt"/>
            <line num="18" count="0" type="stmt"/>
            <line falsecount="0" truecount="0" num="18" type="cond"/>
            <line num="19" count="0" type="stmt"/>
            <line num="21" count="0" type="stmt"/>
            <line num="22" count="0" type="stmt"/>
            <line falsecount="0" truecount="0" num="22" type="cond"/>
            <line num="23" count="0" type="stmt"/>
[...]
            <class name="TEST_UNIQUE">
               <metrics coveredelements="6" complexity="2" methods="2" testruns="2" statements="4" coveredconditionals="0" coveredmethods="2" elements="6" testfailures="0" testduration="0.0" conditionals="0" coveredstatements="4" testpasses="2"/>
            </class>
            <line complexity="1" visibility="public" signature="test_0() : void" num="8" testsuccess="true" count="1" testduration="0.0" type="method"/>
            <line num="10" count="1" type="stmt"/>
            <line num="13" count="1" type="stmt"/>
            <line complexity="1" visibility="public" signature="test_1() : void" num="18" testsuccess="true" count="1" testduration="0.0" type="method"/>
            <line num="20" count="1" type="stmt"/>
            <line num="23" count="1" type="stmt"/>
         </file>
         <file path="C:\Users\yeren\Desktop\human\src\test\java\humaneval\TEST_UNIQUE_DIGITS.java" name="TEST_UNIQUE_DIGITS.java">
            <metrics coveredelements="20" coveredconditionals="0" complexity="4" loc="35" coveredmethods="4" methods="4" elements="20" classes="1" ncloc="33" statements="16" conditionals="0" coveredstatements="16"/>
            <class name="TEST_UNIQUE_DIGITS">
               <metrics coveredelements="20" complexity="4" methods="4" testruns="4" statements="16" coveredconditionals="0" coveredmethods="4" elements="20" testfailures="0" testduration="0.001" conditionals="0" coveredstatements="16" testpasses="4"/>
            </class>
            <line complexity="1" visibility="public" signature="test_0() : void" num="7" testsuccess="true" count="1" testduration="0.001" type="method"/>
            <line num="9" count="1" type="stmt"/>
            <line num="10" count="1" type="stmt"/>
            <line num="11" count="1" type="stmt"/>
            <line num="12" count="1" type="stmt"/>
            <line complexity="1" visibility="public" signature="test_1() : void" num="14" testsuccess="true" count="1" testduration="0.0" type="method"/>
            <line num="16" count="1" type="stmt"/>
            <line num="17" count="1" type="stmt"/>
            <line num="18" count="1" type="stmt"/>
            <line num="19" count="1" type="stmt"/>
            <line complexity="1" visibility="public" signature="test_2() : void" num="21" testsuccess="true" count="1" testduration="0.0" type="method"/>
            <line num="23" count="1" type="stmt"/>
            <line num="24" count="1" type="stmt"/>
            <line num="25" count="1" type="stmt"/>
            <line num="26" count="1" type="stmt"/>
            <line complexity="1" visibility="public" signature="test_3() : void" num="28" testsuccess="true" count="1" testduration="0.0" type="method"/>
            <line num="30" count="1" type="stmt"/>
            <line num="31" count="1" type="stmt"/>
            <line num="32" count="1" type="stmt"/>
            <line num="33" count="1" type="stmt"/>
         </file>
         <file path="C:\Users\yeren\Desktop\human\src\test\java\humaneval\TEST_VALID_DATE.java" name="TEST_VALID_DATE.java">
            <metrics coveredelements="32" coveredconditionals="0" complexity="16" loc="68" coveredmethods="16" methods="16" elements="32" classes="1" ncloc="67" statements="16" conditionals="0" coveredstatements="16"/>
            <class name="TEST_VALID_DATE">
               <metrics coveredelements="32" complexity="16" methods="16" testruns="16" statements="16" coveredconditionals="0" coveredmethods="16" elements="32" testfailures="0" testduration="0.001" conditionals="0" coveredstatements="16" testpasses="16"/>
            </class>
            <line complexity="1" visibility="public" signature="test_0() : void" num="4" testsuccess="true" count="1" testduration="0.0" type="method"/>
            <line num="6" count="1" type="stmt"/>
            <line complexity="1" visibility="public" signature="test_1() : void" num="8" testsuccess="true" count="1" testduration="0.0" type="method"/>
            <line num="10" count="1" type="stmt"/>
            <line complexity="1" visibility="public" signature="test_2() : void" num="12" testsuccess="true" count="1" testduration="0.0" type="method"/>
            <line num="14" count="1" type="stmt"/>
            <line complexity="1" visibility="public" signature="test_3() : void" num="16" testsuccess="true" count="1" testduration="0.0" type="method"/>
            <line num="18" count="1" type="stmt"/>
            <line complexity="1" visibility="public" signature="test_4() : void" num="20" testsuccess="true" count="1" testduration="0.0" type="method"/>
            <line num="22" count="1" type="stmt"/>
            <line complexity="1" visibility="public" signature="test_5() : void" num="24" testsuccess="true" count="1" testduration="0.0" type="method"/>
            <line num="26" count="1" type="stmt"/>
            <line complexity="1" visibility="public" signature="test_6() : void" num="28" testsuccess="true" count="1" testduration="0.0" type="method"/>
            <line num="30" count="1" type="stmt"/>
            <line complexity="1" visibility="public" signature="test_7() : void" num="32" testsuccess="true" count="1" testduration="0.0" type="method"/>
            <line num="34" count="1" type="stmt"/>
            <line complexity="1" visibility="public" signature="test_8() : void" num="36" testsuccess="true" count="1" testduration="0.0" type="method"/>
            <line num="38" count="1" type="stmt"/>
            <line complexity="1" visibility="public" signature="test_9() : void" num="40" testsuccess="true" count="1" testduration="0.0" type="method"/>
            <line num="42" count="1" type="stmt"/>
            <line complexity="1" visibility="public" signature="test_10() : void" num="44" testsuccess="true" count="1" testduration="0.001" type="method"/>
            <line num="46" count="1" type="stmt"/>
            <line complexity="1" visibility="public" signature="test_11() : void" num="48" testsuccess="true" count="1" testduration="0.0" type="method"/>
            <line num="50" count="1" type="stmt"/>
            <line complexity="1" visibility="public" signature="test_12() : void" num="52" testsuccess="true" count="1" testduration="0.0" type="method"/>
            <line num="54" count="1" type="stmt"/>
            <line complexity="1" visibility="public" signature="test_13() : void" num="56" testsuccess="true" count="1" testduration="0.0" type="method"/>
            <line num="58" count="1" type="stmt"/>
            <line complexity="1" visibility="public" signature="test_14() : void" num="60" testsuccess="true" count="1" testduration="0.0" type="method"/>
            <line num="62" count="1" type="stmt"/>
            <line complexity="1" visibility="public" signature="test_15() : void" num="64" testsuccess="true" count="1" testduration="0.0" type="method"/>
            <line num="66" count="1" type="stmt"/>
         </file>
         <file path="C:\Users\yeren\Desktop\human\src\test\java\humaneval\TEST_VOWELS_COUNT.java" name="TEST_VOWELS_COUNT.java">
            <metrics coveredelements="21" coveredconditionals="0" complexity="7" loc="59" coveredmethods="7" methods="7" elements="21" classes="1" ncloc="52" statements="14" conditionals="0" coveredstatements="14"/>
            <class name="TEST_VOWELS_COUNT">
               <metrics coveredelements="21" complexity="7" methods="7" testruns="7" statements="14" coveredconditionals="0" coveredmethods="7" elements="21" testfailures="0" testduration="0.003" conditionals="0" coveredstatements="14" testpasses="7"/>
            </class>
            <line complexity="1" visibility="public" signature="test_0() : void" num="4" testsuccess="true" count="1" testduration="0.001" type="method"/>
            <line num="6" count="1" type="stmt"/>
            <line num="7" count="1" type="stmt"/>
            <line complexity="1" visibility="public" signature="test_1() : void" num="12" testsuccess="true" count="1" testduration="0.002" type="method"/>
            <line num="14" count="1" type="stmt"/>
            <line num="15" count="1" type="stmt"/>
            <line complexity="1" visibility="public" signature="test_2() : void" num="20" testsuccess="true" count="1" testduration="0.0" type="method"/>
            <line num="22" count="1" type="stmt"/>
            <line num="23" count="1" type="stmt"/>
            <line complexity="1" visibility="public" signature="test_3() : void" num="28" testsuccess="true" count="1" testduration="0.0" type="method"/>
            <line num="30" count="1" type="stmt"/>
            <line num="31" count="1" type="stmt"/>
            <line complexity="1" visibility="public" signature="test_4() : void" num="36" testsuccess="true" count="1" testduration="0.0" type="method"/>
            <line num="38" count="1" type="stmt"/>
            <line num="39" count="1" type="stmt"/>
            <line complexity="1" visibility="public" signature="test_5() : void" num="44" testsuccess="true" count="1" testduration="0.0" type="method"/>
            <line num="46" count="1" type="stmt"/>
            <line num="47" count="1" type="stmt"/>
            <line complexity="1" visibility="public" signature="test_6() : void" num="52" testsuccess="true" count="1" testduration="0.0" type="method"/>
            <line num="54" count="1" type="stmt"/>
            <line num="55" count="1" type="stmt"/>
         </file>
         <file path="C:\Users\yeren\Desktop\human\src\test\java\humaneval\TEST_WILL_IT_FLY.java" name="TEST_WILL_IT_FLY.java">
            <metrics coveredelements="18" coveredconditionals="0" complexity="6" loc="51" coveredmethods="6" methods="6" elements="18" classes="1" ncloc="45" statements="12" conditionals="0" coveredstatements="12"/>
            <class name="TEST_WILL_IT_FLY">
               <metrics coveredelements="18" complexity="6" methods="6" testruns="6" statements="12" coveredconditionals="0" coveredmethods="6" elements="18" testfailures="0" testduration="0.001" conditionals="0" coveredstatements="12" testpasses="6"/>
            </class>
            <line complexity="1" visibility="public" signature="test_0() : void" num="4" testsuccess="true" count="1" testduration="0.001" type="method"/>
            <line num="6" count="1" type="stmt"/>
            <line num="7" count="1" type="stmt"/>
            <line complexity="1" visibility="public" signature="test_1() : void" num="12" testsuccess="true" count="1" testduration="0.0" type="method"/>
            <line num="14" count="1" type="stmt"/>
            <line num="15" count="1" type="stmt"/>
            <line complexity="1" visibility="public" signature="test_2() : void" num="20" testsuccess="true" count="1" testduration="0.0" type="method"/>
            <line num="22" count="1" type="stmt"/>
            <line num="23" count="1" type="stmt"/>
            <line complexity="1" visibility="public" signature="test_3() : void" num="28" testsuccess="true" count="1" testduration="0.0" type="method"/>
            <line num="30" count="1" type="stmt"/>
            <line num="31" count="1" type="stmt"/>
            <line complexity="1" visibility="public" signature="test_4() : void" num="36" testsuccess="true" count="1" testduration="0.0" type="method"/>
            <line num="38" count="1" type="stmt"/>
            <line num="39" count="1" type="stmt"/>
            <line complexity="1" visibility="public" signature="test_5() : void" num="44" testsuccess="true" count="1" testduration="0.0" type="method"/>
            <line num="46" count="1" type="stmt"/>
            <line num="47" count="1" type="stmt"/>
         </file>
         <file path="C:\Users\yeren\Desktop\human\src\test\java\humaneval\TEST_WORDS_IN_SENTENCE.java" name="TEST_WORDS_IN_SENTENCE.java">
            <metrics coveredelements="21" coveredconditionals="0" complexity="7" loc="59" coveredmethods="7" methods="7" elements="21" classes="1" ncloc="52" statements="14" conditionals="0" coveredstatements="14"/>
            <class name="TEST_WORDS_IN_SENTENCE">
               <metrics coveredelements="21" complexity="7" methods="7" testruns="7" statements="14" coveredconditionals="0" coveredmethods="7" elements="21" testfailures="0" testduration="0.002" conditionals="0" coveredstatements="14" testpasses="7"/>
            </class>
            <line complexity="1" visibility="public" signature="test_0() : void" num="4" testsuccess="true" count="1" testduration="0.0" type="method"/>
            <line num="6" count="1" type="stmt"/>
            <line num="7" count="1" type="stmt"/>
            <line complexity="1" visibility="public" signature="test_1() : void" num="12" testsuccess="true" count="1" testduration="0.001" type="method"/>
            <line num="14" count="1" type="stmt"/>
            <line num="15" count="1" type="stmt"/>
            <line complexity="1" visibility="public" signature="test_2() : void" num="20" testsuccess="true" count="1" testduration="0.0" type="method"/>
            <line num="22" count="1" type="stmt"/>
            <line num="23" count="1" type="stmt"/>
            <line complexity="1" visibility="public" signature="test_3() : void" num="28" testsuccess="true" count="1" testduration="0.0" type="method"/>
            <line num="30" count="1" type="stmt"/>
            <line num="31" count="1" type="stmt"/>
            <line complexity="1" visibility="public" signature="test_4() : void" num="36" testsuccess="true" count="1" testduration="0.0" type="method"/>
            <line num="38" count="1" type="stmt"/>
            <line num="39" count="1" type="stmt"/>
            <line complexity="1" visibility="public" signature="test_5() : void" num="44" testsuccess="true" count="1" testduration="0.0" type="method"/>
            <line num="46" count="1" type="stmt"/>
            <line num="47" count="1" type="stmt"/>
            <line complexity="1" visibility="public" signature="test_6() : void" num="52" testsuccess="true" count="1" testduration="0.001" type="method"/>
            <line num="54" count="1" type="stmt"/>
            <line num="55" count="1" type="stmt"/>
         </file>
         <file path="C:\Users\yeren\Desktop\human\src\test\java\humaneval\TEST_WORDS_STRINGS.java" name="TEST_WORDS_STRINGS.java">
            <metrics coveredelements="24" coveredconditionals="0" complexity="6" loc="43" coveredmethods="6" methods="6" elements="24" classes="1" ncloc="41" statements="18" conditionals="0" coveredstatements="18"/>
            <class name="TEST_WORDS_STRINGS">
               <metrics coveredelements="24" complexity="6" methods="6" testruns="6" statements="18" coveredconditionals="0" coveredmethods="6" elements="24" testfailures="0" testduration="0.001" conditionals="0" coveredstatements="18" testpasses="6"/>
            </class>
            <line complexity="1" visibility="public" signature="test_0() : void" num="7" testsuccess="true" count="1" testduration="0.001" type="method"/>
            <line num="9" count="1" type="stmt"/>
            <line num="10" count="1" type="stmt"/>
            <line num="11" count="1" type="stmt"/>
            <line complexity="1" visibility="public" signature="test_1() : void" num="13" testsuccess="true" count="1" testduration="0.0" type="method"/>
            <line num="15" count="1" type="stmt"/>
            <line num="16" count="1" type="stmt"/>
            <line num="17" count="1" type="stmt"/>
            <line complexity="1" visibility="public" signature="test_2() : void" num="19" testsuccess="true" count="1" testduration="0.0" type="method"/>
            <line num="21" count="1" type="stmt"/>
            <line num="22" count="1" type="stmt"/>
            <line num="23" count="1" type="stmt"/>
            <line complexity="1" visibility="public" signature="test_3() : void" num="25" testsuccess="true" count="1" testduration="0.0" type="method"/>
            <line num="27" count="1" type="stmt"/>
            <line num="28" count="1" type="stmt"/>
            <line num="29" count="1" type="stmt"/>
            <line complexity="1" visibility="public" signature="test_4() : void" num="31" testsuccess="true" count="1" testduration="0.0" type="method"/>
            <line num="33" count="1" type="stmt"/>
            <line num="34" count="1" type="stmt"/>
            <line num="35" count="1" type="stmt"/>
            <line complexity="1" visibility="public" signature="test_5() : void" num="37" testsuccess="true" count="1" testduration="0.0" type="method"/>
            <line num="39" count="1" type="stmt"/>
            <line num="40" count="1" type="stmt"/>
            <line num="41" count="1" type="stmt"/>
         </file>
         <file path="C:\Users\yeren\Desktop\human\src\test\java\humaneval\TEST_X_OR_Y.java" name="TEST_X_OR_Y.java">
            <metrics coveredelements="30" coveredconditionals="0" complexity="10" loc="83" coveredmethods="10" methods="10" elements="30" classes="1" ncloc="73" statements="20" conditionals="0" coveredstatements="20"/>
            <class name="TEST_X_OR_Y">
               <metrics coveredelements="30" complexity="10" methods="10" testruns="10" statements="20" coveredconditionals="0" coveredmethods="10" elements="30" testfailures="0" testduration="0.002" conditionals="0" coveredstatements="20" testpasses="10"/>
            </class>
            <line complexity="1" visibility="public" signature="test_0() : void" num="4" testsuccess="true" count="1" testduration="0.0" type="method"/>
            <line num="6" count="1" type="stmt"/>
            <line num="7" count="1" type="stmt"/>
            <line complexity="1" visibility="public" signature="test_1() : void" num="12" testsuccess="true" count="1" testduration="0.0" type="method"/>
            <line num="14" count="1" type="stmt"/>
            <line num="15" count="1" type="stmt"/>
            <line complexity="1" visibility="public" signature="test_2() : void" num="20" testsuccess="true" count="1" testduration="0.0" type="method"/>
            <line num="22" count="1" type="stmt"/>
            <line num="23" count="1" type="stmt"/>
            <line complexity="1" visibility="public" signature="test_3() : void" num="28" testsuccess="true" count="1" testduration="0.0" type="method"/>
            <line num="30" count="1" type="stmt"/>
            <line num="31" count="1" type="stmt"/>
            <line complexity="1" visibility="public" signature="test_4() : void" num="36" testsuccess="true" count="1" testduration="0.002" type="method"/>
            <line num="38" count="1" type="stmt"/>
            <line num="39" count="1" type="stmt"/>
            <line complexity="1" visibility="public" signature="test_5() : void" num="44" testsuccess="true" count="1" testduration="0.0" type="method"/>
            <line num="46" count="1" type="stmt"/>
            <line num="47" count="1" type="stmt"/>
            <line complexity="1" visibility="public" signature="test_6() : void" num="52" testsuccess="true" count="1" testduration="0.0" type="method"/>
            <line num="54" count="1" type="stmt"/>
            <line num="55" count="1" type="stmt"/>
            <line complexity="1" visibility="public" signature="test_7() : void" num="60" testsuccess="true" count="1" testduration="0.0" type="method"/>
            <line num="62" count="1" type="stmt"/>
            <line num="63" count="1" type="stmt"/>
            <line complexity="1" visibility="public" signature="test_8() : void" num="68" testsuccess="true" count="1" testduration="0.0" type="method"/>
            <line num="70" count="1" type="stmt"/>
            <line num="71" count="1" type="stmt"/>
            <line complexity="1" visibility="public" signature="test_9() : void" num="76" testsuccess="true" count="1" testduration="0.0" type="method"/>
            <line num="78" count="1" type="stmt"/>
            <line num="79" count="1" type="stmt"/>
         </file>
      </package>
   </testproject>
</coverage>