-------------------------------------------------------------------------------
Test set: humaneval.TEST_GET_ROW
-------------------------------------------------------------------------------
Tests run: 6, Failures: 3, Errors: 1, Skipped: 0, Time elapsed: 0.008 s <<< FAILURE! - in humaneval.TEST_GET_ROW
test_0(humaneval.TEST_GET_ROW)  Time elapsed: 0.001 s  <<< FAILURE!
java.lang.AssertionError: expected:<[humaneval.correct.GET_ROW$Tuple@2af9dde4, humaneval.correct.GET_ROW$Tuple@243e36cb, humaneval.correct.GET_ROW$Tuple@2001b694, humaneval.correct.GET_ROW$Tuple@65033cf0, humaneval.correct.GET_ROW$Tuple@171db49, humaneval.correct.GET_ROW$Tuple@542c3dc2]> but was:<[humaneval.correct.GET_ROW$Tuple@79b484c5, humaneval.correct.GET_ROW$Tuple@52cc3bf, humaneval.correct.GET_ROW$Tuple@a08ebc0, humaneval.correct.GET_ROW$Tuple@3f7f056e, humaneval.correct.GET_ROW$Tuple@62b02ce8]>
	at humaneval.TEST_GET_ROW.__CLR4_4_1n53hp24mx(TEST_GET_ROW.java:18)
	at humaneval.TEST_GET_ROW.test_0(TEST_GET_ROW.java:8)

test_1(humaneval.TEST_GET_ROW)  Time elapsed: 0.001 s  <<< FAILURE!
java.lang.AssertionError: expected:<[humaneval.correct.GET_ROW$Tuple@5e87534, humaneval.correct.GET_ROW$Tuple@b2f9bf9, humaneval.correct.GET_ROW$Tuple@f101e44, humaneval.correct.GET_ROW$Tuple@4a1291c2, humaneval.correct.GET_ROW$Tuple@c950c61, humaneval.correct.GET_ROW$Tuple@7b12be59]> but was:<[humaneval.correct.GET_ROW$Tuple@747f7d41, humaneval.correct.GET_ROW$Tuple@2a3d6e8d, humaneval.correct.GET_ROW$Tuple@eef89af, humaneval.correct.GET_ROW$Tuple@60610e5d, humaneval.correct.GET_ROW$Tuple@6f7bf265, humaneval.correct.GET_ROW$Tuple@2e73b001]>
	at humaneval.TEST_GET_ROW.__CLR4_4_1jw3iwl4n0(TEST_GET_ROW.java:43)
	at humaneval.TEST_GET_ROW.test_1(TEST_GET_ROW.java:30)

test_2(humaneval.TEST_GET_ROW)  Time elapsed: 0 s  <<< ERROR!
java.lang.IndexOutOfBoundsException: Index: 6, Size: 6
	at humaneval.TEST_GET_ROW.__CLR4_4_1gn3k444n3(TEST_GET_ROW.java:57)
	at humaneval.TEST_GET_ROW.test_2(TEST_GET_ROW.java:56)

test_5(humaneval.TEST_GET_ROW)  Time elapsed: 0 s  <<< FAILURE!
java.lang.AssertionError: expected:<[]> but was:<[humaneval.correct.GET_ROW$Tuple@e3fcfa2]>
	at humaneval.TEST_GET_ROW.__CLR4_4_16w3nqp4nc(TEST_GET_ROW.java:123)
	at humaneval.TEST_GET_ROW.test_5(TEST_GET_ROW.java:113)

