<?xml version="1.0" encoding="UTF-8"?>
<testsuite xmlns:xsi="http://www.w3.org/2001/XMLSchema-instance" xsi:noNamespaceSchemaLocation="https://maven.apache.org/surefire/maven-surefire-plugin/xsd/surefire-test-report.xsd" name="humaneval.TEST_LONGEST" time="0.014" tests="3" errors="0" skipped="0" failures="0">
  <properties>
[...]
</properties>
  <testcase name="test_0" classname="humaneval.TEST_LONGEST" time="0"/>
  <testcase name="test_1" classname="humaneval.TEST_LONGEST" time="0"/>
  <testcase name="test_2" classname="humaneval.TEST_LONGEST" time="0"/>
</testsuite>